<?xml version="1.0" encoding="UTF-8"?>
<testng-results ignored="0" total="1" passed="1" failed="0" skipped="0">
  <reporter-output>
  </reporter-output>
  <suite started-at="2019-08-26T04:59:25Z" name="Default suite" finished-at="2019-08-26T05:00:00Z" duration-ms="34429">
    <groups>
    </groups>
    <test started-at="2019-08-26T04:59:25Z" name="Default test" finished-at="2019-08-26T05:00:00Z" duration-ms="34429">
      <class name="appium.test.AppTest">
        <test-method signature="testBundleID()[pri:0, instance:appium.test.AppTest@36d585c]" started-at="2019-08-26T04:59:25Z" name="testBundleID" finished-at="2019-08-26T05:00:00Z" duration-ms="34382" status="PASS">
          <reporter-output>
          </reporter-output>
        </test-method> <!-- testBundleID -->
      </class> <!-- appium.test.AppTest -->
    </test> <!-- Default test -->
  </suite> <!-- Default suite -->
</testng-results>
